[2025-07-14 17:05:18] [INFO] LoggingManager: Logging inicializado en: client_debug.log
[2025-07-14 17:06:01] [INFO] GameScreen: Iniciando GameScreen para Player ID: 1, isHost: false
[2025-07-14 17:06:01] [INFO] GameScreen: Mapa Tiled cargado y renderer inicializado.
[2025-07-14 17:06:01] [INFO] GameScreen: Cámara configurada para ver el mapa. Ancho: 30.0, Alto: 15.0
[2025-07-14 17:06:01] [INFO] GameScreen: Iniciando renderizado. Delta: 0.0163981
[2025-07-14 17:06:01] [INFO] GameScreen: Mapa renderizado.
[2025-07-14 17:06:01] [INFO] GameScreen: Fin de renderizado.
[2025-07-14 17:06:01] [INFO] GameScreen: Iniciando renderizado. Delta: 0.1200216
[2025-07-14 17:06:01] [INFO] GameScreen: Mapa renderizado.
[2025-07-14 17:06:01] [INFO] GameScreen: Fin de renderizado.
[2025-07-14 17:06:01] [INFO] GameScreen: Iniciando renderizado. Delta: 0.0231555
[2025-07-14 17:06:01] [INFO] GameScreen: Mapa renderizado.
[2025-07-14 17:06:01] [INFO] GameScreen: Fin de renderizado.
[2025-07-14 17:06:01] [INFO] GameScreen: Iniciando renderizado. Delta: 0.008645
[2025-07-14 17:06:01] [INFO] GameScreen: Mapa renderizado.
[2025-07-14 17:06:01] [INFO] GameScreen: Fin de renderizado.
[2025-07-14 17:06:01] [INFO] GameScreen: Iniciando renderizado. Delta: 0.024242
[2025-07-14 17:06:01] [INFO] GameScreen: Mapa renderizado.
[2025-07-14 17:06:01] [INFO] GameScreen: Fin de renderizado.
[2025-07-14 17:06:01] [INFO] GameScreen: Iniciando renderizado. Delta: 0.0082045
[2025-07-14 17:06:01] [INFO] GameScreen: Mapa renderizado.
[2025-07-14 17:06:01] [INFO] GameScreen: Fin de renderizado.
[2025-07-14 17:06:01] [INFO] GameScreen: Iniciando renderizado. Delta: 0.0218964
[2025-07-14 17:06:01] [INFO] GameScreen: Mapa renderizado.
[2025-07-14 17:06:01] [INFO] GameScreen: Fin de renderizado.
[2025-07-14 17:06:01] [INFO] GameScreen: Iniciando renderizado. Delta: 0.029781
[2025-07-14 17:06:01] [INFO] GameScreen: Mapa renderizado.
[2025-07-14 17:06:01] [INFO] GameScreen: Fin de renderizado.
[2025-07-14 17:06:01] [INFO] GameScreen: Iniciando renderizado. Delta: 0.0073801
[2025-07-14 17:06:01] [INFO] GameScreen: Mapa renderizado.
[2025-07-14 17:06:01] [INFO] GameScreen: Fin de renderizado.
[2025-07-14 17:06:02] [INFO] GameScreen: Iniciando renderizado. Delta: 0.0246985
[2025-07-14 17:06:02] [INFO] GameScreen: Mapa renderizado.
[2025-07-14 17:06:02] [INFO] GameScreen: Fin de renderizado.
[2025-07-14 17:06:02] [INFO] GameScreen: Iniciando renderizado. Delta: 0.0065724
[2025-07-14 17:06:02] [INFO] GameScreen: Mapa renderizado.
[2025-07-14 17:06:02] [INFO] GameScreen: Fin de renderizado.
[2025-07-14 17:06:02] [INFO] GameScreen: Iniciando renderizado. Delta: 0.0227522
[2025-07-14 17:06:02] [INFO] GameScreen: Mapa renderizado.
[2025-07-14 17:06:02] [INFO] GameScreen: Fin de renderizado.
[2025-07-14 17:06:02] [INFO] GameScreen: Iniciando renderizado. Delta: 0.0078541
[2025-07-14 17:06:02] [INFO] GameScreen: Mapa renderizado.
[2025-07-14 17:06:02] [INFO] GameScreen: Fin de renderizado.
[2025-07-14 17:06:02] [INFO] GameScreen: Iniciando renderizado. Delta: 0.0209734
[2025-07-14 17:06:02] [INFO] GameScreen: Mapa renderizado.
[2025-07-14 17:06:02] [INFO] GameScreen: Fin de renderizado.
[2025-07-14 17:06:02] [INFO] GameScreen: Iniciando renderizado. Delta: 0.0135567
[2025-07-14 17:06:02] [INFO] GameScreen: Mapa renderizado.
[2025-07-14 17:06:02] [INFO] GameScreen: Fin de renderizado.
[2025-07-14 17:06:02] [INFO] GameScreen: Iniciando renderizado. Delta: 0.0203135
[2025-07-14 17:06:02] [INFO] GameScreen: Mapa renderizado.
[2025-07-14 17:06:02] [INFO] GameScreen: Fin de renderizado.
[2025-07-14 17:06:02] [INFO] GameScreen: Iniciando renderizado. Delta: 0.0210317
[2025-07-14 17:06:02] [INFO] GameScreen: Mapa renderizado.
[2025-07-14 17:06:02] [INFO] GameScreen: Fin de renderizado.
[2025-07-14 17:06:02] [INFO] GameScreen: Iniciando renderizado. Delta: 0.0195319
[2025-07-14 17:06:02] [INFO] GameScreen: Mapa renderizado.
[2025-07-14 17:06:02] [INFO] GameScreen: Fin de renderizado.
[2025-07-14 17:06:02] [INFO] GameScreen: Iniciando renderizado. Delta: 0.0809681
[2025-07-14 17:06:02] [INFO] GameScreen: Mapa renderizado.
[2025-07-14 17:06:02] [INFO] GameScreen: Fin de renderizado.
[2025-07-14 17:06:02] [INFO] GameScreen: Iniciando renderizado. Delta: 0.0142676
[2025-07-14 17:06:02] [INFO] GameScreen: Mapa renderizado.
[2025-07-14 17:06:02] [INFO] GameScreen: Fin de renderizado.
[2025-07-14 17:06:02] [INFO] GameScreen: Iniciando renderizado. Delta: 0.0240084
[2025-07-14 17:06:02] [INFO] GameScreen: Mapa renderizado.
[2025-07-14 17:06:02] [INFO] GameScreen: Fin de renderizado.
[2025-07-14 17:06:02] [INFO] GameScreen: Iniciando renderizado. Delta: 0.0125458
[2025-07-14 17:06:02] [INFO] GameScreen: Mapa renderizado.
[2025-07-14 17:06:02] [INFO] GameScreen: Fin de renderizado.
[2025-07-14 17:06:02] [INFO] GameScreen: Iniciando renderizado. Delta: 0.0205951
[2025-07-14 17:06:02] [INFO] GameScreen: Mapa renderizado.
[2025-07-14 17:06:02] [INFO] GameScreen: Fin de renderizado.
[2025-07-14 17:06:02] [INFO] GameScreen: Iniciando renderizado. Delta: 0.0122969
[2025-07-14 17:06:02] [INFO] GameScreen: Mapa renderizado.
[2025-07-14 17:06:02] [INFO] GameScreen: Fin de renderizado.
[2025-07-14 17:06:02] [INFO] GameScreen: Iniciando renderizado. Delta: 0.0203477
[2025-07-14 17:06:02] [INFO] GameScreen: Mapa renderizado.
[2025-07-14 17:06:02] [INFO] GameScreen: Fin de renderizado.
[2025-07-14 17:06:02] [INFO] GameScreen: Iniciando renderizado. Delta: 0.0223828
[2025-07-14 17:06:02] [INFO] GameScreen: Mapa renderizado.
[2025-07-14 17:06:02] [INFO] GameScreen: Fin de renderizado.
[2025-07-14 17:06:02] [INFO] GameScreen: Iniciando renderizado. Delta: 0.0128444
[2025-07-14 17:06:02] [INFO] GameScreen: Mapa renderizado.
[2025-07-14 17:06:02] [INFO] GameScreen: Fin de renderizado.
[2025-07-14 17:06:02] [INFO] GameScreen: Iniciando renderizado. Delta: 0.0262289
[2025-07-14 17:06:02] [INFO] GameScreen: Mapa renderizado.
[2025-07-14 17:06:02] [INFO] GameScreen: Fin de renderizado.
[2025-07-14 17:06:02] [INFO] GameScreen: Iniciando renderizado. Delta: 0.0057982
[2025-07-14 17:06:02] [INFO] GameScreen: Mapa renderizado.
[2025-07-14 17:06:02] [INFO] GameScreen: Fin de renderizado.
[2025-07-14 17:06:02] [INFO] GameScreen: Iniciando renderizado. Delta: 0.0251526
[2025-07-14 17:06:02] [INFO] GameScreen: Mapa renderizado.
[2025-07-14 17:06:02] [INFO] GameScreen: Fin de renderizado.
[2025-07-14 17:06:02] [INFO] GameScreen: Iniciando renderizado. Delta: 0.008143
[2025-07-14 17:06:02] [INFO] GameScreen: Mapa renderizado.
[2025-07-14 17:06:02] [INFO] GameScreen: Fin de renderizado.
[2025-07-14 17:06:02] [INFO] GameScreen: Iniciando renderizado. Delta: 0.0224433
[2025-07-14 17:06:02] [INFO] GameScreen: Mapa renderizado.
[2025-07-14 17:06:02] [INFO] GameScreen: Fin de renderizado.
[2025-07-14 17:06:02] [INFO] GameScreen: Iniciando renderizado. Delta: 0.0119645
[2025-07-14 17:06:02] [INFO] GameScreen: Mapa renderizado.
[2025-07-14 17:06:02] [INFO] GameScreen: Fin de renderizado.
[2025-07-14 17:06:02] [INFO] GameScreen: Iniciando renderizado. Delta: 0.0243446
[2025-07-14 17:06:02] [INFO] GameScreen: Mapa renderizado.
[2025-07-14 17:06:02] [INFO] GameScreen: Fin de renderizado.
[2025-07-14 17:06:02] [INFO] GameScreen: Iniciando renderizado. Delta: 0.0084864
[2025-07-14 17:06:02] [INFO] GameScreen: Mapa renderizado.
[2025-07-14 17:06:02] [INFO] GameScreen: Fin de renderizado.
[2025-07-14 17:06:02] [INFO] GameScreen: Iniciando renderizado. Delta: 0.0245159
[2025-07-14 17:06:02] [INFO] GameScreen: Mapa renderizado.
[2025-07-14 17:06:02] [INFO] GameScreen: Fin de renderizado.
[2025-07-14 17:06:02] [INFO] GameScreen: Iniciando renderizado. Delta: 0.0072817
[2025-07-14 17:06:02] [INFO] GameScreen: Mapa renderizado.
[2025-07-14 17:06:02] [INFO] GameScreen: Fin de renderizado.
[2025-07-14 17:06:02] [INFO] GameScreen: Iniciando renderizado. Delta: 0.0256875
[2025-07-14 17:06:02] [INFO] GameScreen: Mapa renderizado.
[2025-07-14 17:06:02] [INFO] GameScreen: Fin de renderizado.
[2025-07-14 17:06:02] [INFO] GameScreen: Iniciando renderizado. Delta: 0.0100681
[2025-07-14 17:06:02] [INFO] GameScreen: Mapa renderizado.
[2025-07-14 17:06:02] [INFO] GameScreen: Fin de renderizado.
[2025-07-14 17:06:02] [INFO] GameScreen: Iniciando renderizado. Delta: 0.0245224
[2025-07-14 17:06:02] [INFO] GameScreen: Mapa renderizado.
[2025-07-14 17:06:02] [INFO] GameScreen: Fin de renderizado.
[2025-07-14 17:06:02] [INFO] GameScreen: Iniciando renderizado. Delta: 0.0218882
[2025-07-14 17:06:02] [INFO] GameScreen: Mapa renderizado.
[2025-07-14 17:06:02] [INFO] GameScreen: Fin de renderizado.
[2025-07-14 17:06:02] [INFO] GameScreen: Iniciando renderizado. Delta: 0.0183117
[2025-07-14 17:06:02] [INFO] GameScreen: Mapa renderizado.
[2025-07-14 17:06:02] [INFO] GameScreen: Fin de renderizado.
[2025-07-14 17:06:02] [INFO] GameScreen: Iniciando renderizado. Delta: 0.0261414
[2025-07-14 17:06:02] [INFO] GameScreen: Mapa renderizado.
[2025-07-14 17:06:02] [INFO] GameScreen: Fin de renderizado.
[2025-07-14 17:06:02] [INFO] GameScreen: Iniciando renderizado. Delta: 0.0105955
[2025-07-14 17:06:02] [INFO] GameScreen: Mapa renderizado.
[2025-07-14 17:06:02] [INFO] GameScreen: Fin de renderizado.
[2025-07-14 17:06:02] [INFO] GameScreen: Iniciando renderizado. Delta: 0.024687
[2025-07-14 17:06:02] [INFO] GameScreen: Mapa renderizado.
[2025-07-14 17:06:02] [INFO] GameScreen: Fin de renderizado.
[2025-07-14 17:06:02] [INFO] GameScreen: Iniciando renderizado. Delta: 0.0076405
[2025-07-14 17:06:02] [INFO] GameScreen: Mapa renderizado.
[2025-07-14 17:06:02] [INFO] GameScreen: Fin de renderizado.
[2025-07-14 17:06:02] [INFO] GameScreen: Iniciando renderizado. Delta: 0.0184774
[2025-07-14 17:06:02] [INFO] GameScreen: Mapa renderizado.
[2025-07-14 17:06:02] [INFO] GameScreen: Fin de renderizado.
[2025-07-14 17:06:02] [INFO] GameScreen: Iniciando renderizado. Delta: 0.0246923
[2025-07-14 17:06:02] [INFO] GameScreen: Mapa renderizado.
[2025-07-14 17:06:02] [INFO] GameScreen: Fin de renderizado.
[2025-07-14 17:06:02] [INFO] GameScreen: Iniciando renderizado. Delta: 0.0091942
[2025-07-14 17:06:02] [INFO] GameScreen: Mapa renderizado.
[2025-07-14 17:06:02] [INFO] GameScreen: Fin de renderizado.
[2025-07-14 17:06:02] [INFO] GameScreen: Iniciando renderizado. Delta: 0.029668
[2025-07-14 17:06:02] [INFO] GameScreen: Mapa renderizado.
[2025-07-14 17:06:02] [INFO] GameScreen: Fin de renderizado.
[2025-07-14 17:06:02] [INFO] GameScreen: Iniciando renderizado. Delta: 0.0059113
[2025-07-14 17:06:02] [INFO] GameScreen: Mapa renderizado.
[2025-07-14 17:06:02] [INFO] GameScreen: Fin de renderizado.
[2025-07-14 17:06:02] [INFO] GameScreen: Iniciando renderizado. Delta: 0.0235442
[2025-07-14 17:06:02] [INFO] GameScreen: Mapa renderizado.
[2025-07-14 17:06:02] [INFO] GameScreen: Fin de renderizado.
[2025-07-14 17:06:02] [INFO] GameScreen: Iniciando renderizado. Delta: 0.0078969
[2025-07-14 17:06:02] [INFO] GameScreen: Mapa renderizado.
[2025-07-14 17:06:02] [INFO] GameScreen: Fin de renderizado.
[2025-07-14 17:06:02] [INFO] GameScreen: Iniciando renderizado. Delta: 0.0226578
[2025-07-14 17:06:02] [INFO] GameScreen: Mapa renderizado.
[2025-07-14 17:06:02] [INFO] GameScreen: Fin de renderizado.
[2025-07-14 17:06:02] [INFO] GameScreen: Iniciando renderizado. Delta: 0.007245
[2025-07-14 17:06:02] [INFO] GameScreen: Mapa renderizado.
[2025-07-14 17:06:02] [INFO] GameScreen: Fin de renderizado.
[2025-07-14 17:06:02] [INFO] GameScreen: Iniciando renderizado. Delta: 0.024577
[2025-07-14 17:06:02] [INFO] GameScreen: Mapa renderizado.
[2025-07-14 17:06:02] [INFO] GameScreen: Fin de renderizado.
[2025-07-14 17:06:02] [INFO] GameScreen: Iniciando renderizado. Delta: 0.00731
[2025-07-14 17:06:02] [INFO] GameScreen: Mapa renderizado.
[2025-07-14 17:06:02] [INFO] GameScreen: Fin de renderizado.
[2025-07-14 17:06:02] [INFO] GameScreen: Iniciando renderizado. Delta: 0.0264898
[2025-07-14 17:06:02] [INFO] GameScreen: Mapa renderizado.
[2025-07-14 17:06:02] [INFO] GameScreen: Fin de renderizado.
[2025-07-14 17:06:02] [INFO] GameScreen: Iniciando renderizado. Delta: 0.0107064
[2025-07-14 17:06:02] [INFO] GameScreen: Mapa renderizado.
[2025-07-14 17:06:02] [INFO] GameScreen: Fin de renderizado.
[2025-07-14 17:06:02] [INFO] GameScreen: Iniciando renderizado. Delta: 0.0216901
[2025-07-14 17:06:02] [INFO] GameScreen: Mapa renderizado.
[2025-07-14 17:06:02] [INFO] GameScreen: Fin de renderizado.
[2025-07-14 17:06:02] [INFO] GameScreen: Iniciando renderizado. Delta: 0.0090487
[2025-07-14 17:06:02] [INFO] GameScreen: Mapa renderizado.
[2025-07-14 17:06:02] [INFO] GameScreen: Fin de renderizado.
[2025-07-14 17:06:02] [INFO] GameScreen: Iniciando renderizado. Delta: 0.0301573
[2025-07-14 17:06:02] [INFO] GameScreen: Mapa renderizado.
[2025-07-14 17:06:02] [INFO] GameScreen: Fin de renderizado.
[2025-07-14 17:06:02] [INFO] GameScreen: Iniciando renderizado. Delta: 0.0264161
[2025-07-14 17:06:03] [INFO] GameScreen: Mapa renderizado.
[2025-07-14 17:06:03] [INFO] GameScreen: Fin de renderizado.
[2025-07-14 17:06:03] [INFO] GameScreen: Iniciando renderizado. Delta: 0.0069414
[2025-07-14 17:06:03] [INFO] GameScreen: Mapa renderizado.
[2025-07-14 17:06:03] [INFO] GameScreen: Fin de renderizado.
[2025-07-14 17:06:03] [INFO] GameScreen: Iniciando renderizado. Delta: 0.0252129
[2025-07-14 17:06:03] [INFO] GameScreen: Mapa renderizado.
[2025-07-14 17:06:03] [INFO] GameScreen: Fin de renderizado.
[2025-07-14 17:06:03] [INFO] GameScreen: Iniciando renderizado. Delta: 0.0078806
[2025-07-14 17:06:03] [INFO] GameScreen: Mapa renderizado.
[2025-07-14 17:06:03] [INFO] GameScreen: Fin de renderizado.
[2025-07-14 17:06:03] [INFO] GameScreen: Iniciando renderizado. Delta: 0.0261415
[2025-07-14 17:06:03] [INFO] GameScreen: Mapa renderizado.
[2025-07-14 17:06:03] [INFO] GameScreen: Fin de renderizado.
[2025-07-14 17:06:03] [INFO] GameScreen: Iniciando renderizado. Delta: 0.0078477
[2025-07-14 17:06:03] [INFO] GameScreen: Mapa renderizado.
[2025-07-14 17:06:03] [INFO] GameScreen: Fin de renderizado.
[2025-07-14 17:06:03] [INFO] GameScreen: Iniciando renderizado. Delta: 0.025068
[2025-07-14 17:06:03] [INFO] GameScreen: Mapa renderizado.
[2025-07-14 17:06:03] [INFO] GameScreen: Fin de renderizado.
[2025-07-14 17:06:03] [INFO] GameScreen: Iniciando renderizado. Delta: 0.0072322
[2025-07-14 17:06:03] [INFO] GameScreen: Mapa renderizado.
[2025-07-14 17:06:03] [INFO] GameScreen: Fin de renderizado.
[2025-07-14 17:06:03] [INFO] GameScreen: Iniciando renderizado. Delta: 0.0249015
[2025-07-14 17:06:03] [INFO] GameScreen: Mapa renderizado.
[2025-07-14 17:06:03] [INFO] GameScreen: Fin de renderizado.
[2025-07-14 17:06:03] [INFO] GameScreen: Iniciando renderizado. Delta: 0.0074165
[2025-07-14 17:06:03] [INFO] GameScreen: Mapa renderizado.
[2025-07-14 17:06:03] [INFO] GameScreen: Fin de renderizado.
[2025-07-14 17:06:03] [INFO] GameScreen: Iniciando renderizado. Delta: 0.0289183
[2025-07-14 17:06:03] [INFO] GameScreen: Mapa renderizado.
[2025-07-14 17:06:03] [INFO] GameScreen: Fin de renderizado.
[2025-07-14 17:06:03] [INFO] GameScreen: Iniciando renderizado. Delta: 0.0069882
[2025-07-14 17:06:03] [INFO] GameScreen: Mapa renderizado.
[2025-07-14 17:06:03] [INFO] GameScreen: Fin de renderizado.
[2025-07-14 17:06:03] [INFO] GameScreen: Iniciando renderizado. Delta: 0.0245431
[2025-07-14 17:06:03] [INFO] GameScreen: Mapa renderizado.
[2025-07-14 17:06:03] [INFO] GameScreen: Fin de renderizado.
[2025-07-14 17:06:03] [INFO] GameScreen: Iniciando renderizado. Delta: 0.0062607
[2025-07-14 17:06:03] [INFO] GameScreen: Mapa renderizado.
[2025-07-14 17:06:03] [INFO] GameScreen: Fin de renderizado.
[2025-07-14 17:06:03] [INFO] GameScreen: Iniciando renderizado. Delta: 0.0256122
[2025-07-14 17:06:03] [INFO] GameScreen: Mapa renderizado.
[2025-07-14 17:06:03] [INFO] GameScreen: Fin de renderizado.
[2025-07-14 17:06:03] [INFO] GameScreen: Iniciando renderizado. Delta: 0.0060938
[2025-07-14 17:06:03] [INFO] GameScreen: Mapa renderizado.
[2025-07-14 17:06:03] [INFO] GameScreen: Fin de renderizado.
[2025-07-14 17:06:03] [INFO] GameScreen: Iniciando renderizado. Delta: 0.0248996
[2025-07-14 17:06:03] [INFO] GameScreen: Mapa renderizado.
[2025-07-14 17:06:03] [INFO] GameScreen: Fin de renderizado.
[2025-07-14 17:06:03] [INFO] GameScreen: Iniciando renderizado. Delta: 0.0129386
[2025-07-14 17:06:03] [INFO] GameScreen: Mapa renderizado.
[2025-07-14 17:06:03] [INFO] GameScreen: Fin de renderizado.
[2025-07-14 17:06:03] [INFO] GameScreen: Iniciando renderizado. Delta: 0.0182199
[2025-07-14 17:06:03] [INFO] GameScreen: Mapa renderizado.
[2025-07-14 17:06:03] [INFO] GameScreen: Fin de renderizado.
[2025-07-14 17:06:03] [INFO] GameScreen: Iniciando renderizado. Delta: 0.0207827
[2025-07-14 17:06:03] [INFO] GameScreen: Mapa renderizado.
[2025-07-14 17:06:03] [INFO] GameScreen: Fin de renderizado.
[2025-07-14 17:06:03] [INFO] GameScreen: Iniciando renderizado. Delta: 0.0089959
[2025-07-14 17:06:03] [INFO] GameScreen: Mapa renderizado.
[2025-07-14 17:06:03] [INFO] GameScreen: Fin de renderizado.
[2025-07-14 17:06:03] [INFO] GameScreen: Iniciando renderizado. Delta: 0.0210487
[2025-07-14 17:06:03] [INFO] GameScreen: Mapa renderizado.
[2025-07-14 17:06:03] [INFO] GameScreen: Fin de renderizado.
[2025-07-14 17:06:03] [INFO] GameScreen: Iniciando renderizado. Delta: 0.0063361
[2025-07-14 17:06:03] [INFO] GameScreen: Mapa renderizado.
[2025-07-14 17:06:03] [INFO] GameScreen: Fin de renderizado.
[2025-07-14 17:06:03] [INFO] LoggingManager: Cerrando el logger de archivo.
