[2025-07-14 17:05:14] [INFO] LoggingManager: Logging inicializado en: server_debug.log
[2025-07-14 17:06:01] [INFO] GameScreen: Iniciando GameScreen para Player ID: 0, isHost: true
[2025-07-14 17:06:01] [INFO] GameScreen: Mapa Tiled cargado y renderer inicializado.
[2025-07-14 17:06:01] [INFO] GameScreen: Mundo Box2D y debugRenderer inicializados.
[2025-07-14 17:06:01] [INFO] TiledCollisionHelper: Colisiones del mapa creadas.
[2025-07-14 17:06:01] [INFO] GameScreen: Colisiones del mapa Box2D parseadas.
[2025-07-14 17:06:01] [INFO] GameScreen: Cámara configurada para ver el mapa. Ancho: 30.0, Alto: 15.0
[2025-07-14 17:06:01] [INFO] GameScreen: Iniciando renderizado. Delta: 0.0441299
[2025-07-14 17:06:01] [INFO] GameScreen: Mundo Box2D actualizado.
[2025-07-14 17:06:01] [INFO] GameScreen: Mapa renderizado.
[2025-07-14 17:06:01] [INFO] GameScreen: Debug de Box2D renderizado.
[2025-07-14 17:06:01] [INFO] GameScreen: Fin de renderizado.
[2025-07-14 17:06:01] [INFO] GameScreen: Iniciando renderizado. Delta: 0.1358688
[2025-07-14 17:06:01] [INFO] GameScreen: Mundo Box2D actualizado.
[2025-07-14 17:06:01] [INFO] GameScreen: Mapa renderizado.
[2025-07-14 17:06:01] [INFO] GameScreen: Debug de Box2D renderizado.
[2025-07-14 17:06:01] [INFO] GameScreen: Fin de renderizado.
[2025-07-14 17:06:01] [INFO] GameScreen: Iniciando renderizado. Delta: 0.022802
[2025-07-14 17:06:01] [INFO] GameScreen: Mundo Box2D actualizado.
[2025-07-14 17:06:01] [INFO] GameScreen: Mapa renderizado.
[2025-07-14 17:06:01] [INFO] GameScreen: Debug de Box2D renderizado.
[2025-07-14 17:06:01] [INFO] GameScreen: Fin de renderizado.
[2025-07-14 17:06:01] [INFO] GameScreen: Iniciando renderizado. Delta: 0.0091338
[2025-07-14 17:06:01] [INFO] GameScreen: Mundo Box2D actualizado.
[2025-07-14 17:06:01] [INFO] GameScreen: Mapa renderizado.
[2025-07-14 17:06:01] [INFO] GameScreen: Debug de Box2D renderizado.
[2025-07-14 17:06:01] [INFO] GameScreen: Fin de renderizado.
[2025-07-14 17:06:01] [INFO] GameScreen: Iniciando renderizado. Delta: 0.022562
[2025-07-14 17:06:01] [INFO] GameScreen: Mundo Box2D actualizado.
[2025-07-14 17:06:01] [INFO] GameScreen: Mapa renderizado.
[2025-07-14 17:06:01] [INFO] GameScreen: Debug de Box2D renderizado.
[2025-07-14 17:06:01] [INFO] GameScreen: Fin de renderizado.
[2025-07-14 17:06:01] [INFO] GameScreen: Iniciando renderizado. Delta: 0.0082845
[2025-07-14 17:06:01] [INFO] GameScreen: Mundo Box2D actualizado.
[2025-07-14 17:06:01] [INFO] GameScreen: Mapa renderizado.
[2025-07-14 17:06:01] [INFO] GameScreen: Debug de Box2D renderizado.
[2025-07-14 17:06:01] [INFO] GameScreen: Fin de renderizado.
[2025-07-14 17:06:01] [INFO] GameScreen: Iniciando renderizado. Delta: 0.0228013
[2025-07-14 17:06:01] [INFO] GameScreen: Mundo Box2D actualizado.
[2025-07-14 17:06:01] [INFO] GameScreen: Mapa renderizado.
[2025-07-14 17:06:01] [INFO] GameScreen: Debug de Box2D renderizado.
[2025-07-14 17:06:01] [INFO] GameScreen: Fin de renderizado.
[2025-07-14 17:06:01] [INFO] GameScreen: Iniciando renderizado. Delta: 0.0079651
[2025-07-14 17:06:01] [INFO] GameScreen: Mundo Box2D actualizado.
[2025-07-14 17:06:01] [INFO] GameScreen: Mapa renderizado.
[2025-07-14 17:06:02] [INFO] GameScreen: Debug de Box2D renderizado.
[2025-07-14 17:06:02] [INFO] GameScreen: Fin de renderizado.
[2025-07-14 17:06:02] [INFO] GameScreen: Iniciando renderizado. Delta: 0.023153
[2025-07-14 17:06:02] [INFO] GameScreen: Mundo Box2D actualizado.
[2025-07-14 17:06:02] [INFO] GameScreen: Mapa renderizado.
[2025-07-14 17:06:02] [INFO] GameScreen: Debug de Box2D renderizado.
[2025-07-14 17:06:02] [INFO] GameScreen: Fin de renderizado.
[2025-07-14 17:06:02] [INFO] GameScreen: Iniciando renderizado. Delta: 0.0087593
[2025-07-14 17:06:02] [INFO] GameScreen: Mundo Box2D actualizado.
[2025-07-14 17:06:02] [INFO] GameScreen: Mapa renderizado.
[2025-07-14 17:06:02] [INFO] GameScreen: Debug de Box2D renderizado.
[2025-07-14 17:06:02] [INFO] GameScreen: Fin de renderizado.
[2025-07-14 17:06:02] [INFO] GameScreen: Iniciando renderizado. Delta: 0.0244261
[2025-07-14 17:06:02] [INFO] GameScreen: Mundo Box2D actualizado.
[2025-07-14 17:06:02] [INFO] GameScreen: Mapa renderizado.
[2025-07-14 17:06:02] [INFO] GameScreen: Debug de Box2D renderizado.
[2025-07-14 17:06:02] [INFO] GameScreen: Fin de renderizado.
[2025-07-14 17:06:02] [INFO] GameScreen: Iniciando renderizado. Delta: 0.0119819
[2025-07-14 17:06:02] [INFO] GameScreen: Mundo Box2D actualizado.
[2025-07-14 17:06:02] [INFO] GameScreen: Mapa renderizado.
[2025-07-14 17:06:02] [INFO] GameScreen: Debug de Box2D renderizado.
[2025-07-14 17:06:02] [INFO] GameScreen: Fin de renderizado.
[2025-07-14 17:06:02] [INFO] GameScreen: Iniciando renderizado. Delta: 0.0218199
[2025-07-14 17:06:02] [INFO] GameScreen: Mundo Box2D actualizado.
[2025-07-14 17:06:02] [INFO] GameScreen: Mapa renderizado.
[2025-07-14 17:06:02] [INFO] GameScreen: Debug de Box2D renderizado.
[2025-07-14 17:06:02] [INFO] GameScreen: Fin de renderizado.
[2025-07-14 17:06:02] [INFO] GameScreen: Iniciando renderizado. Delta: 0.010034
[2025-07-14 17:06:02] [INFO] GameScreen: Mundo Box2D actualizado.
[2025-07-14 17:06:02] [INFO] GameScreen: Mapa renderizado.
[2025-07-14 17:06:02] [INFO] GameScreen: Debug de Box2D renderizado.
[2025-07-14 17:06:02] [INFO] GameScreen: Fin de renderizado.
[2025-07-14 17:06:02] [INFO] GameScreen: Iniciando renderizado. Delta: 0.0221523
[2025-07-14 17:06:02] [INFO] GameScreen: Mundo Box2D actualizado.
[2025-07-14 17:06:02] [INFO] GameScreen: Mapa renderizado.
[2025-07-14 17:06:02] [INFO] GameScreen: Debug de Box2D renderizado.
[2025-07-14 17:06:02] [INFO] GameScreen: Fin de renderizado.
[2025-07-14 17:06:02] [INFO] GameScreen: Iniciando renderizado. Delta: 0.0091846
[2025-07-14 17:06:02] [INFO] GameScreen: Mundo Box2D actualizado.
[2025-07-14 17:06:02] [INFO] GameScreen: Mapa renderizado.
[2025-07-14 17:06:02] [INFO] GameScreen: Debug de Box2D renderizado.
[2025-07-14 17:06:02] [INFO] GameScreen: Fin de renderizado.
[2025-07-14 17:06:02] [INFO] GameScreen: Iniciando renderizado. Delta: 0.0476133
[2025-07-14 17:06:02] [INFO] GameScreen: Mundo Box2D actualizado.
[2025-07-14 17:06:02] [INFO] GameScreen: Mapa renderizado.
[2025-07-14 17:06:02] [INFO] GameScreen: Debug de Box2D renderizado.
[2025-07-14 17:06:02] [INFO] GameScreen: Fin de renderizado.
[2025-07-14 17:06:02] [INFO] GameScreen: Iniciando renderizado. Delta: 0.0105337
[2025-07-14 17:06:02] [INFO] GameScreen: Mundo Box2D actualizado.
[2025-07-14 17:06:02] [INFO] GameScreen: Mapa renderizado.
[2025-07-14 17:06:02] [INFO] GameScreen: Debug de Box2D renderizado.
[2025-07-14 17:06:02] [INFO] GameScreen: Fin de renderizado.
[2025-07-14 17:06:02] [INFO] GameScreen: Iniciando renderizado. Delta: 0.0223486
[2025-07-14 17:06:02] [INFO] GameScreen: Mundo Box2D actualizado.
[2025-07-14 17:06:02] [INFO] GameScreen: Mapa renderizado.
[2025-07-14 17:06:02] [INFO] GameScreen: Debug de Box2D renderizado.
[2025-07-14 17:06:02] [INFO] GameScreen: Fin de renderizado.
[2025-07-14 17:06:02] [INFO] GameScreen: Iniciando renderizado. Delta: 0.00905
[2025-07-14 17:06:02] [INFO] GameScreen: Mundo Box2D actualizado.
[2025-07-14 17:06:02] [INFO] GameScreen: Mapa renderizado.
[2025-07-14 17:06:02] [INFO] GameScreen: Debug de Box2D renderizado.
[2025-07-14 17:06:02] [INFO] GameScreen: Fin de renderizado.
[2025-07-14 17:06:02] [INFO] GameScreen: Iniciando renderizado. Delta: 0.0239523
[2025-07-14 17:06:02] [INFO] GameScreen: Mundo Box2D actualizado.
[2025-07-14 17:06:02] [INFO] GameScreen: Mapa renderizado.
[2025-07-14 17:06:02] [INFO] GameScreen: Debug de Box2D renderizado.
[2025-07-14 17:06:02] [INFO] GameScreen: Fin de renderizado.
[2025-07-14 17:06:02] [INFO] GameScreen: Iniciando renderizado. Delta: 0.0079548
[2025-07-14 17:06:02] [INFO] GameScreen: Mundo Box2D actualizado.
[2025-07-14 17:06:02] [INFO] GameScreen: Mapa renderizado.
[2025-07-14 17:06:02] [INFO] GameScreen: Debug de Box2D renderizado.
[2025-07-14 17:06:02] [INFO] GameScreen: Fin de renderizado.
[2025-07-14 17:06:02] [INFO] GameScreen: Iniciando renderizado. Delta: 0.0226324
[2025-07-14 17:06:02] [INFO] GameScreen: Mundo Box2D actualizado.
[2025-07-14 17:06:02] [INFO] GameScreen: Mapa renderizado.
[2025-07-14 17:06:02] [INFO] GameScreen: Debug de Box2D renderizado.
[2025-07-14 17:06:02] [INFO] GameScreen: Fin de renderizado.
[2025-07-14 17:06:02] [INFO] GameScreen: Iniciando renderizado. Delta: 0.010396
[2025-07-14 17:06:02] [INFO] GameScreen: Mundo Box2D actualizado.
[2025-07-14 17:06:02] [INFO] GameScreen: Mapa renderizado.
[2025-07-14 17:06:02] [INFO] GameScreen: Debug de Box2D renderizado.
[2025-07-14 17:06:02] [INFO] GameScreen: Fin de renderizado.
[2025-07-14 17:06:02] [INFO] GameScreen: Iniciando renderizado. Delta: 0.0206881
[2025-07-14 17:06:02] [INFO] GameScreen: Mundo Box2D actualizado.
[2025-07-14 17:06:02] [INFO] GameScreen: Mapa renderizado.
[2025-07-14 17:06:02] [INFO] GameScreen: Debug de Box2D renderizado.
[2025-07-14 17:06:02] [INFO] GameScreen: Fin de renderizado.
[2025-07-14 17:06:02] [INFO] GameScreen: Iniciando renderizado. Delta: 0.0113684
[2025-07-14 17:06:02] [INFO] GameScreen: Mundo Box2D actualizado.
[2025-07-14 17:06:02] [INFO] GameScreen: Mapa renderizado.
[2025-07-14 17:06:02] [INFO] GameScreen: Debug de Box2D renderizado.
[2025-07-14 17:06:02] [INFO] GameScreen: Fin de renderizado.
[2025-07-14 17:06:02] [INFO] GameScreen: Iniciando renderizado. Delta: 0.0229922
[2025-07-14 17:06:02] [INFO] GameScreen: Mundo Box2D actualizado.
[2025-07-14 17:06:02] [INFO] GameScreen: Mapa renderizado.
[2025-07-14 17:06:02] [INFO] GameScreen: Debug de Box2D renderizado.
[2025-07-14 17:06:02] [INFO] GameScreen: Fin de renderizado.
[2025-07-14 17:06:02] [INFO] GameScreen: Iniciando renderizado. Delta: 0.0083629
[2025-07-14 17:06:02] [INFO] GameScreen: Mundo Box2D actualizado.
[2025-07-14 17:06:02] [INFO] GameScreen: Mapa renderizado.
[2025-07-14 17:06:02] [INFO] GameScreen: Debug de Box2D renderizado.
[2025-07-14 17:06:02] [INFO] GameScreen: Fin de renderizado.
[2025-07-14 17:06:02] [INFO] GameScreen: Iniciando renderizado. Delta: 0.0218829
[2025-07-14 17:06:02] [INFO] GameScreen: Mundo Box2D actualizado.
[2025-07-14 17:06:02] [INFO] GameScreen: Mapa renderizado.
[2025-07-14 17:06:02] [INFO] GameScreen: Debug de Box2D renderizado.
[2025-07-14 17:06:02] [INFO] GameScreen: Fin de renderizado.
[2025-07-14 17:06:02] [INFO] GameScreen: Iniciando renderizado. Delta: 0.0078476
[2025-07-14 17:06:02] [INFO] GameScreen: Mundo Box2D actualizado.
[2025-07-14 17:06:02] [INFO] GameScreen: Mapa renderizado.
[2025-07-14 17:06:02] [INFO] GameScreen: Debug de Box2D renderizado.
[2025-07-14 17:06:02] [INFO] GameScreen: Fin de renderizado.
[2025-07-14 17:06:02] [INFO] GameScreen: Iniciando renderizado. Delta: 0.0251002
[2025-07-14 17:06:02] [INFO] GameScreen: Mundo Box2D actualizado.
[2025-07-14 17:06:02] [INFO] GameScreen: Mapa renderizado.
[2025-07-14 17:06:02] [INFO] GameScreen: Debug de Box2D renderizado.
[2025-07-14 17:06:02] [INFO] GameScreen: Fin de renderizado.
[2025-07-14 17:06:02] [INFO] GameScreen: Iniciando renderizado. Delta: 0.0086056
[2025-07-14 17:06:02] [INFO] GameScreen: Mundo Box2D actualizado.
[2025-07-14 17:06:02] [INFO] GameScreen: Mapa renderizado.
[2025-07-14 17:06:02] [INFO] GameScreen: Debug de Box2D renderizado.
[2025-07-14 17:06:02] [INFO] GameScreen: Fin de renderizado.
[2025-07-14 17:06:02] [INFO] GameScreen: Iniciando renderizado. Delta: 0.0255501
[2025-07-14 17:06:02] [INFO] GameScreen: Mundo Box2D actualizado.
[2025-07-14 17:06:02] [INFO] GameScreen: Mapa renderizado.
[2025-07-14 17:06:02] [INFO] GameScreen: Debug de Box2D renderizado.
[2025-07-14 17:06:02] [INFO] GameScreen: Fin de renderizado.
[2025-07-14 17:06:02] [INFO] GameScreen: Iniciando renderizado. Delta: 0.0083314
[2025-07-14 17:06:02] [INFO] GameScreen: Mundo Box2D actualizado.
[2025-07-14 17:06:02] [INFO] GameScreen: Mapa renderizado.
[2025-07-14 17:06:02] [INFO] GameScreen: Debug de Box2D renderizado.
[2025-07-14 17:06:02] [INFO] GameScreen: Fin de renderizado.
[2025-07-14 17:06:02] [INFO] GameScreen: Iniciando renderizado. Delta: 0.0235989
[2025-07-14 17:06:02] [INFO] GameScreen: Mundo Box2D actualizado.
[2025-07-14 17:06:02] [INFO] GameScreen: Mapa renderizado.
[2025-07-14 17:06:02] [INFO] GameScreen: Debug de Box2D renderizado.
[2025-07-14 17:06:02] [INFO] GameScreen: Fin de renderizado.
[2025-07-14 17:06:02] [INFO] GameScreen: Iniciando renderizado. Delta: 0.0087442
[2025-07-14 17:06:02] [INFO] GameScreen: Mundo Box2D actualizado.
[2025-07-14 17:06:02] [INFO] GameScreen: Mapa renderizado.
[2025-07-14 17:06:02] [INFO] GameScreen: Debug de Box2D renderizado.
[2025-07-14 17:06:02] [INFO] GameScreen: Fin de renderizado.
[2025-07-14 17:06:02] [INFO] GameScreen: Iniciando renderizado. Delta: 0.0239423
[2025-07-14 17:06:02] [INFO] GameScreen: Mundo Box2D actualizado.
[2025-07-14 17:06:02] [INFO] GameScreen: Mapa renderizado.
[2025-07-14 17:06:02] [INFO] GameScreen: Debug de Box2D renderizado.
[2025-07-14 17:06:02] [INFO] GameScreen: Fin de renderizado.
[2025-07-14 17:06:02] [INFO] GameScreen: Iniciando renderizado. Delta: 0.0087629
[2025-07-14 17:06:02] [INFO] GameScreen: Mundo Box2D actualizado.
[2025-07-14 17:06:02] [INFO] GameScreen: Mapa renderizado.
[2025-07-14 17:06:02] [INFO] GameScreen: Debug de Box2D renderizado.
[2025-07-14 17:06:02] [INFO] GameScreen: Fin de renderizado.
[2025-07-14 17:06:02] [INFO] GameScreen: Iniciando renderizado. Delta: 0.0245645
[2025-07-14 17:06:02] [INFO] GameScreen: Mundo Box2D actualizado.
[2025-07-14 17:06:02] [INFO] GameScreen: Mapa renderizado.
[2025-07-14 17:06:02] [INFO] GameScreen: Debug de Box2D renderizado.
[2025-07-14 17:06:02] [INFO] GameScreen: Fin de renderizado.
[2025-07-14 17:06:02] [INFO] GameScreen: Iniciando renderizado. Delta: 0.0086431
[2025-07-14 17:06:02] [INFO] GameScreen: Mundo Box2D actualizado.
[2025-07-14 17:06:02] [INFO] GameScreen: Mapa renderizado.
[2025-07-14 17:06:02] [INFO] GameScreen: Debug de Box2D renderizado.
[2025-07-14 17:06:02] [INFO] GameScreen: Fin de renderizado.
[2025-07-14 17:06:02] [INFO] GameScreen: Iniciando renderizado. Delta: 0.0244381
[2025-07-14 17:06:02] [INFO] GameScreen: Mundo Box2D actualizado.
[2025-07-14 17:06:02] [INFO] GameScreen: Mapa renderizado.
[2025-07-14 17:06:02] [INFO] GameScreen: Debug de Box2D renderizado.
[2025-07-14 17:06:02] [INFO] GameScreen: Fin de renderizado.
[2025-07-14 17:06:02] [INFO] GameScreen: Iniciando renderizado. Delta: 0.0090662
[2025-07-14 17:06:02] [INFO] GameScreen: Mundo Box2D actualizado.
[2025-07-14 17:06:02] [INFO] GameScreen: Mapa renderizado.
[2025-07-14 17:06:02] [INFO] GameScreen: Debug de Box2D renderizado.
[2025-07-14 17:06:02] [INFO] GameScreen: Fin de renderizado.
[2025-07-14 17:06:02] [INFO] GameScreen: Iniciando renderizado. Delta: 0.0237017
[2025-07-14 17:06:02] [INFO] GameScreen: Mundo Box2D actualizado.
[2025-07-14 17:06:02] [INFO] GameScreen: Mapa renderizado.
[2025-07-14 17:06:02] [INFO] GameScreen: Debug de Box2D renderizado.
[2025-07-14 17:06:02] [INFO] GameScreen: Fin de renderizado.
[2025-07-14 17:06:02] [INFO] GameScreen: Iniciando renderizado. Delta: 0.0116621
[2025-07-14 17:06:02] [INFO] GameScreen: Mundo Box2D actualizado.
[2025-07-14 17:06:02] [INFO] GameScreen: Mapa renderizado.
[2025-07-14 17:06:02] [INFO] GameScreen: Debug de Box2D renderizado.
[2025-07-14 17:06:02] [INFO] GameScreen: Fin de renderizado.
[2025-07-14 17:06:02] [INFO] GameScreen: Iniciando renderizado. Delta: 0.0243426
[2025-07-14 17:06:02] [INFO] GameScreen: Mundo Box2D actualizado.
[2025-07-14 17:06:02] [INFO] GameScreen: Mapa renderizado.
[2025-07-14 17:06:02] [INFO] GameScreen: Debug de Box2D renderizado.
[2025-07-14 17:06:02] [INFO] GameScreen: Fin de renderizado.
[2025-07-14 17:06:02] [INFO] GameScreen: Iniciando renderizado. Delta: 0.008417
[2025-07-14 17:06:02] [INFO] GameScreen: Mundo Box2D actualizado.
[2025-07-14 17:06:02] [INFO] GameScreen: Mapa renderizado.
[2025-07-14 17:06:02] [INFO] GameScreen: Debug de Box2D renderizado.
[2025-07-14 17:06:02] [INFO] GameScreen: Fin de renderizado.
[2025-07-14 17:06:02] [INFO] GameScreen: Iniciando renderizado. Delta: 0.0290342
[2025-07-14 17:06:02] [INFO] GameScreen: Mundo Box2D actualizado.
[2025-07-14 17:06:02] [INFO] GameScreen: Mapa renderizado.
[2025-07-14 17:06:02] [INFO] GameScreen: Debug de Box2D renderizado.
[2025-07-14 17:06:02] [INFO] GameScreen: Fin de renderizado.
[2025-07-14 17:06:02] [INFO] GameScreen: Iniciando renderizado. Delta: 0.0232716
[2025-07-14 17:06:02] [INFO] GameScreen: Mundo Box2D actualizado.
[2025-07-14 17:06:02] [INFO] GameScreen: Mapa renderizado.
[2025-07-14 17:06:02] [INFO] GameScreen: Debug de Box2D renderizado.
[2025-07-14 17:06:02] [INFO] GameScreen: Fin de renderizado.
[2025-07-14 17:06:02] [INFO] GameScreen: Iniciando renderizado. Delta: 0.0079868
[2025-07-14 17:06:02] [INFO] GameScreen: Mundo Box2D actualizado.
[2025-07-14 17:06:02] [INFO] GameScreen: Mapa renderizado.
[2025-07-14 17:06:02] [INFO] GameScreen: Debug de Box2D renderizado.
[2025-07-14 17:06:02] [INFO] GameScreen: Fin de renderizado.
[2025-07-14 17:06:02] [INFO] GameScreen: Iniciando renderizado. Delta: 0.0239316
[2025-07-14 17:06:02] [INFO] GameScreen: Mundo Box2D actualizado.
[2025-07-14 17:06:02] [INFO] GameScreen: Mapa renderizado.
[2025-07-14 17:06:02] [INFO] GameScreen: Debug de Box2D renderizado.
[2025-07-14 17:06:02] [INFO] GameScreen: Fin de renderizado.
[2025-07-14 17:06:02] [INFO] GameScreen: Iniciando renderizado. Delta: 0.0078721
[2025-07-14 17:06:02] [INFO] GameScreen: Mundo Box2D actualizado.
[2025-07-14 17:06:02] [INFO] GameScreen: Mapa renderizado.
[2025-07-14 17:06:02] [INFO] GameScreen: Debug de Box2D renderizado.
[2025-07-14 17:06:02] [INFO] GameScreen: Fin de renderizado.
[2025-07-14 17:06:02] [INFO] GameScreen: Iniciando renderizado. Delta: 0.0240522
[2025-07-14 17:06:02] [INFO] GameScreen: Mundo Box2D actualizado.
[2025-07-14 17:06:02] [INFO] GameScreen: Mapa renderizado.
[2025-07-14 17:06:02] [INFO] GameScreen: Debug de Box2D renderizado.
[2025-07-14 17:06:02] [INFO] GameScreen: Fin de renderizado.
[2025-07-14 17:06:02] [INFO] GameScreen: Iniciando renderizado. Delta: 0.0069719
[2025-07-14 17:06:02] [INFO] GameScreen: Mundo Box2D actualizado.
[2025-07-14 17:06:02] [INFO] GameScreen: Mapa renderizado.
[2025-07-14 17:06:02] [INFO] GameScreen: Debug de Box2D renderizado.
[2025-07-14 17:06:02] [INFO] GameScreen: Fin de renderizado.
[2025-07-14 17:06:02] [INFO] GameScreen: Iniciando renderizado. Delta: 0.0220872
[2025-07-14 17:06:02] [INFO] GameScreen: Mundo Box2D actualizado.
[2025-07-14 17:06:02] [INFO] GameScreen: Mapa renderizado.
[2025-07-14 17:06:02] [INFO] GameScreen: Debug de Box2D renderizado.
[2025-07-14 17:06:02] [INFO] GameScreen: Fin de renderizado.
[2025-07-14 17:06:02] [INFO] GameScreen: Iniciando renderizado. Delta: 0.0077582
[2025-07-14 17:06:02] [INFO] GameScreen: Mundo Box2D actualizado.
[2025-07-14 17:06:02] [INFO] GameScreen: Mapa renderizado.
[2025-07-14 17:06:02] [INFO] GameScreen: Debug de Box2D renderizado.
[2025-07-14 17:06:02] [INFO] GameScreen: Fin de renderizado.
[2025-07-14 17:06:02] [INFO] GameScreen: Iniciando renderizado. Delta: 0.0234137
[2025-07-14 17:06:02] [INFO] GameScreen: Mundo Box2D actualizado.
[2025-07-14 17:06:02] [INFO] GameScreen: Mapa renderizado.
[2025-07-14 17:06:02] [INFO] GameScreen: Debug de Box2D renderizado.
[2025-07-14 17:06:02] [INFO] GameScreen: Fin de renderizado.
[2025-07-14 17:06:02] [INFO] GameScreen: Iniciando renderizado. Delta: 0.0081648
[2025-07-14 17:06:02] [INFO] GameScreen: Mundo Box2D actualizado.
[2025-07-14 17:06:02] [INFO] GameScreen: Mapa renderizado.
[2025-07-14 17:06:02] [INFO] GameScreen: Debug de Box2D renderizado.
[2025-07-14 17:06:02] [INFO] GameScreen: Fin de renderizado.
[2025-07-14 17:06:02] [INFO] GameScreen: Iniciando renderizado. Delta: 0.0247076
[2025-07-14 17:06:02] [INFO] GameScreen: Mundo Box2D actualizado.
[2025-07-14 17:06:02] [INFO] GameScreen: Mapa renderizado.
[2025-07-14 17:06:02] [INFO] GameScreen: Debug de Box2D renderizado.
[2025-07-14 17:06:02] [INFO] GameScreen: Fin de renderizado.
[2025-07-14 17:06:02] [INFO] GameScreen: Iniciando renderizado. Delta: 0.0084262
[2025-07-14 17:06:02] [INFO] GameScreen: Mundo Box2D actualizado.
[2025-07-14 17:06:02] [INFO] GameScreen: Mapa renderizado.
[2025-07-14 17:06:02] [INFO] GameScreen: Debug de Box2D renderizado.
[2025-07-14 17:06:02] [INFO] GameScreen: Fin de renderizado.
[2025-07-14 17:06:02] [INFO] GameScreen: Iniciando renderizado. Delta: 0.0244334
[2025-07-14 17:06:02] [INFO] GameScreen: Mundo Box2D actualizado.
[2025-07-14 17:06:02] [INFO] GameScreen: Mapa renderizado.
[2025-07-14 17:06:02] [INFO] GameScreen: Debug de Box2D renderizado.
[2025-07-14 17:06:02] [INFO] GameScreen: Fin de renderizado.
[2025-07-14 17:06:02] [INFO] GameScreen: Iniciando renderizado. Delta: 0.0082376
[2025-07-14 17:06:02] [INFO] GameScreen: Mundo Box2D actualizado.
[2025-07-14 17:06:02] [INFO] GameScreen: Mapa renderizado.
[2025-07-14 17:06:02] [INFO] GameScreen: Debug de Box2D renderizado.
[2025-07-14 17:06:02] [INFO] GameScreen: Fin de renderizado.
[2025-07-14 17:06:02] [INFO] GameScreen: Iniciando renderizado. Delta: 0.0248361
[2025-07-14 17:06:02] [INFO] GameScreen: Mundo Box2D actualizado.
[2025-07-14 17:06:02] [INFO] GameScreen: Mapa renderizado.
[2025-07-14 17:06:02] [INFO] GameScreen: Debug de Box2D renderizado.
[2025-07-14 17:06:02] [INFO] GameScreen: Fin de renderizado.
[2025-07-14 17:06:02] [INFO] GameScreen: Iniciando renderizado. Delta: 0.0081626
[2025-07-14 17:06:02] [INFO] GameScreen: Mundo Box2D actualizado.
[2025-07-14 17:06:02] [INFO] GameScreen: Mapa renderizado.
[2025-07-14 17:06:02] [INFO] GameScreen: Debug de Box2D renderizado.
[2025-07-14 17:06:02] [INFO] GameScreen: Fin de renderizado.
[2025-07-14 17:06:02] [INFO] GameScreen: Iniciando renderizado. Delta: 0.0251241
[2025-07-14 17:06:02] [INFO] GameScreen: Mundo Box2D actualizado.
[2025-07-14 17:06:02] [INFO] GameScreen: Mapa renderizado.
[2025-07-14 17:06:02] [INFO] GameScreen: Debug de Box2D renderizado.
[2025-07-14 17:06:02] [INFO] GameScreen: Fin de renderizado.
[2025-07-14 17:06:02] [INFO] GameScreen: Iniciando renderizado. Delta: 0.0095465
[2025-07-14 17:06:02] [INFO] GameScreen: Mundo Box2D actualizado.
[2025-07-14 17:06:02] [INFO] GameScreen: Mapa renderizado.
[2025-07-14 17:06:02] [INFO] GameScreen: Debug de Box2D renderizado.
[2025-07-14 17:06:02] [INFO] GameScreen: Fin de renderizado.
[2025-07-14 17:06:02] [INFO] GameScreen: Iniciando renderizado. Delta: 0.0232835
[2025-07-14 17:06:02] [INFO] GameScreen: Mundo Box2D actualizado.
[2025-07-14 17:06:02] [INFO] GameScreen: Mapa renderizado.
[2025-07-14 17:06:02] [INFO] GameScreen: Debug de Box2D renderizado.
[2025-07-14 17:06:02] [INFO] GameScreen: Fin de renderizado.
[2025-07-14 17:06:02] [INFO] GameScreen: Iniciando renderizado. Delta: 0.0081787
[2025-07-14 17:06:02] [INFO] GameScreen: Mundo Box2D actualizado.
[2025-07-14 17:06:02] [INFO] GameScreen: Mapa renderizado.
[2025-07-14 17:06:02] [INFO] GameScreen: Debug de Box2D renderizado.
[2025-07-14 17:06:02] [INFO] GameScreen: Fin de renderizado.
[2025-07-14 17:06:03] [INFO] GameScreen: Iniciando renderizado. Delta: 0.0238034
[2025-07-14 17:06:03] [INFO] GameScreen: Mundo Box2D actualizado.
[2025-07-14 17:06:03] [INFO] GameScreen: Mapa renderizado.
[2025-07-14 17:06:03] [INFO] GameScreen: Debug de Box2D renderizado.
[2025-07-14 17:06:03] [INFO] GameScreen: Fin de renderizado.
[2025-07-14 17:06:03] [INFO] GameScreen: Iniciando renderizado. Delta: 0.007471
[2025-07-14 17:06:03] [INFO] GameScreen: Mundo Box2D actualizado.
[2025-07-14 17:06:03] [INFO] GameScreen: Mapa renderizado.
[2025-07-14 17:06:03] [INFO] GameScreen: Debug de Box2D renderizado.
[2025-07-14 17:06:03] [INFO] GameScreen: Fin de renderizado.
[2025-07-14 17:06:03] [INFO] GameScreen: Iniciando renderizado. Delta: 0.025485
[2025-07-14 17:06:03] [INFO] GameScreen: Mundo Box2D actualizado.
[2025-07-14 17:06:03] [INFO] GameScreen: Mapa renderizado.
[2025-07-14 17:06:03] [INFO] GameScreen: Debug de Box2D renderizado.
[2025-07-14 17:06:03] [INFO] GameScreen: Fin de renderizado.
[2025-07-14 17:06:03] [INFO] GameScreen: Iniciando renderizado. Delta: 0.0080992
[2025-07-14 17:06:03] [INFO] GameScreen: Mundo Box2D actualizado.
[2025-07-14 17:06:03] [INFO] GameScreen: Mapa renderizado.
[2025-07-14 17:06:03] [INFO] GameScreen: Debug de Box2D renderizado.
[2025-07-14 17:06:03] [INFO] GameScreen: Fin de renderizado.
[2025-07-14 17:06:03] [INFO] GameScreen: Iniciando renderizado. Delta: 0.0246753
[2025-07-14 17:06:03] [INFO] GameScreen: Mundo Box2D actualizado.
[2025-07-14 17:06:03] [INFO] GameScreen: Mapa renderizado.
[2025-07-14 17:06:03] [INFO] GameScreen: Debug de Box2D renderizado.
[2025-07-14 17:06:03] [INFO] GameScreen: Fin de renderizado.
[2025-07-14 17:06:03] [INFO] GameScreen: Iniciando renderizado. Delta: 0.0078324
[2025-07-14 17:06:03] [INFO] GameScreen: Mundo Box2D actualizado.
[2025-07-14 17:06:03] [INFO] GameScreen: Mapa renderizado.
[2025-07-14 17:06:03] [INFO] GameScreen: Debug de Box2D renderizado.
[2025-07-14 17:06:03] [INFO] GameScreen: Fin de renderizado.
[2025-07-14 17:06:03] [INFO] GameScreen: Iniciando renderizado. Delta: 0.0251869
[2025-07-14 17:06:03] [INFO] GameScreen: Mundo Box2D actualizado.
[2025-07-14 17:06:03] [INFO] GameScreen: Mapa renderizado.
[2025-07-14 17:06:03] [INFO] GameScreen: Debug de Box2D renderizado.
[2025-07-14 17:06:03] [INFO] GameScreen: Fin de renderizado.
[2025-07-14 17:06:03] [INFO] GameScreen: Iniciando renderizado. Delta: 0.0083157
[2025-07-14 17:06:03] [INFO] GameScreen: Mundo Box2D actualizado.
[2025-07-14 17:06:03] [INFO] GameScreen: Mapa renderizado.
[2025-07-14 17:06:03] [INFO] GameScreen: Debug de Box2D renderizado.
[2025-07-14 17:06:03] [INFO] GameScreen: Fin de renderizado.
[2025-07-14 17:06:03] [INFO] GameScreen: Iniciando renderizado. Delta: 0.0238439
[2025-07-14 17:06:03] [INFO] GameScreen: Mundo Box2D actualizado.
[2025-07-14 17:06:03] [INFO] GameScreen: Mapa renderizado.
[2025-07-14 17:06:03] [INFO] GameScreen: Debug de Box2D renderizado.
[2025-07-14 17:06:03] [INFO] GameScreen: Fin de renderizado.
[2025-07-14 17:06:03] [INFO] GameScreen: Iniciando renderizado. Delta: 0.0104785
[2025-07-14 17:06:03] [INFO] GameScreen: Mundo Box2D actualizado.
[2025-07-14 17:06:03] [INFO] GameScreen: Mapa renderizado.
[2025-07-14 17:06:03] [INFO] GameScreen: Debug de Box2D renderizado.
[2025-07-14 17:06:03] [INFO] GameScreen: Fin de renderizado.
[2025-07-14 17:06:03] [INFO] GameScreen: Iniciando renderizado. Delta: 0.0222436
[2025-07-14 17:06:03] [INFO] GameScreen: Mundo Box2D actualizado.
[2025-07-14 17:06:03] [INFO] GameScreen: Mapa renderizado.
[2025-07-14 17:06:03] [INFO] GameScreen: Debug de Box2D renderizado.
[2025-07-14 17:06:03] [INFO] GameScreen: Fin de renderizado.
[2025-07-14 17:06:03] [INFO] GameScreen: Iniciando renderizado. Delta: 0.007191
[2025-07-14 17:06:03] [INFO] GameScreen: Mundo Box2D actualizado.
[2025-07-14 17:06:03] [INFO] GameScreen: Mapa renderizado.
[2025-07-14 17:06:03] [INFO] GameScreen: Debug de Box2D renderizado.
[2025-07-14 17:06:03] [INFO] GameScreen: Fin de renderizado.
[2025-07-14 17:06:03] [INFO] GameScreen: Iniciando renderizado. Delta: 0.0238564
[2025-07-14 17:06:03] [INFO] GameScreen: Mundo Box2D actualizado.
[2025-07-14 17:06:03] [INFO] GameScreen: Mapa renderizado.
[2025-07-14 17:06:03] [INFO] GameScreen: Debug de Box2D renderizado.
[2025-07-14 17:06:03] [INFO] GameScreen: Fin de renderizado.
[2025-07-14 17:06:03] [INFO] GameScreen: Iniciando renderizado. Delta: 0.0089407
[2025-07-14 17:06:03] [INFO] GameScreen: Mundo Box2D actualizado.
[2025-07-14 17:06:03] [INFO] GameScreen: Mapa renderizado.
[2025-07-14 17:06:03] [INFO] GameScreen: Debug de Box2D renderizado.
[2025-07-14 17:06:03] [INFO] GameScreen: Fin de renderizado.
[2025-07-14 17:06:03] [INFO] GameScreen: Iniciando renderizado. Delta: 0.0209801
[2025-07-14 17:06:03] [INFO] GameScreen: Mundo Box2D actualizado.
[2025-07-14 17:06:03] [INFO] GameScreen: Mapa renderizado.
[2025-07-14 17:06:03] [INFO] GameScreen: Debug de Box2D renderizado.
[2025-07-14 17:06:03] [INFO] GameScreen: Fin de renderizado.
[2025-07-14 17:06:03] [INFO] GameScreen: Iniciando renderizado. Delta: 0.011816
[2025-07-14 17:06:03] [INFO] GameScreen: Mundo Box2D actualizado.
[2025-07-14 17:06:03] [INFO] GameScreen: Mapa renderizado.
[2025-07-14 17:06:03] [INFO] GameScreen: Debug de Box2D renderizado.
[2025-07-14 17:06:03] [INFO] GameScreen: Fin de renderizado.
[2025-07-14 17:06:03] [INFO] GameScreen: Iniciando renderizado. Delta: 0.0223295
[2025-07-14 17:06:03] [INFO] GameScreen: Mundo Box2D actualizado.
[2025-07-14 17:06:03] [INFO] GameScreen: Mapa renderizado.
[2025-07-14 17:06:03] [INFO] GameScreen: Debug de Box2D renderizado.
[2025-07-14 17:06:03] [INFO] GameScreen: Fin de renderizado.
[2025-07-14 17:06:03] [INFO] GameScreen: Iniciando renderizado. Delta: 0.083906
[2025-07-14 17:06:03] [INFO] GameScreen: Mundo Box2D actualizado.
[2025-07-14 17:06:03] [INFO] GameScreen: Mapa renderizado.
[2025-07-14 17:06:03] [INFO] GameScreen: Debug de Box2D renderizado.
[2025-07-14 17:06:03] [INFO] GameScreen: Fin de renderizado.
[2025-07-14 17:06:03] [INFO] LoggingManager: Cerrando el logger de archivo.
